-------------------------------------------------------------------------------
      name:  <unnamed>
       log:  E:\analyses\hydroxychloroquine-research/output/sens1/log\12_an_mod
> els_sa_exposure.log
  log type:  text
 opened on:  19 Jul 2020, 18:29:43

. 
. * Open Stata dataset
. use $Tempdir\analysis_dataset_STSET_$outcome, clear

. 
. /* Sense check outcomes======================================================
> =*/ 
. 
. tab exposure_sa $outcome, missing row

+----------------+
| Key            |
|----------------|
|   frequency    |
| row percentage |
+----------------+

           |   Failure/censoring
           |     indicator for
       HCQ |     outcome: ONS
 Exposure, |    non-covid death
     3 mos |         0          1 |     Total
-----------+----------------------+----------
    No HCQ |   162,158      1,577 |   163,735 
           |     99.04       0.96 |    100.00 
-----------+----------------------+----------
       HCQ |    30,288        213 |    30,501 
           |     99.30       0.70 |    100.00 
-----------+----------------------+----------
     Total |   192,446      1,790 |   194,236 
           |     99.08       0.92 |    100.00 

. 
. /* Main Model================================================================
> =*/
. 
. /* Univariable model */ 
. 
. stcox i.exposure_sa 

         failure _d:  onsnoncoviddeath
   analysis time _t:  (stime_onsnoncoviddeath-origin)
             origin:  time enter_date
  enter on or after:  time enter_date
                 id:  patient_id

Iteration 0:   log likelihood = -21769.655
Iteration 1:   log likelihood = -21758.386
Iteration 2:   log likelihood = -21758.258
Iteration 3:   log likelihood = -21758.258
Refining estimates:
Iteration 0:   log likelihood = -21758.258

Cox regression -- Breslow method for ties

No. of subjects =      194,236                  Number of obs    =     194,236
No. of failures =        1,790
Time at risk    =     22940752
                                                LR chi2(1)       =       22.79
Log likelihood  =   -21758.258                  Prob > chi2      =      0.0000

------------------------------------------------------------------------------
          _t | Haz. Ratio   Std. Err.      z    P>|z|     [95% Conf. Interval]
-------------+----------------------------------------------------------------
 exposure_sa |
        HCQ  |   .7159809   .0522665    -4.58   0.000     .6205316     .826112
------------------------------------------------------------------------------

. estimates save $Tempdir/univar_sa_exposure, replace 
file E:\analyses\hydroxychloroquine-research/output/sens1/tempdata/univar_sa_ex
> posure.ster saved

. 
. /* Multivariable models */ 
. 
. * Age and Sex 
. * Age fit as spline 
. 
. stcox i.exposure_sa i.male age1 age2 age3 

         failure _d:  onsnoncoviddeath
   analysis time _t:  (stime_onsnoncoviddeath-origin)
             origin:  time enter_date
  enter on or after:  time enter_date
                 id:  patient_id

Iteration 0:   log likelihood = -21769.655
Iteration 1:   log likelihood =  -20733.31
Iteration 2:   log likelihood = -20547.265
Iteration 3:   log likelihood = -20536.596
Iteration 4:   log likelihood = -20535.491
Iteration 5:   log likelihood =  -20535.46
Iteration 6:   log likelihood =  -20535.46
Refining estimates:
Iteration 0:   log likelihood =  -20535.46

Cox regression -- Breslow method for ties

No. of subjects =      194,236                  Number of obs    =     194,236
No. of failures =        1,790
Time at risk    =     22940752
                                                LR chi2(5)       =     2468.39
Log likelihood  =    -20535.46                  Prob > chi2      =      0.0000

------------------------------------------------------------------------------
          _t | Haz. Ratio   Std. Err.      z    P>|z|     [95% Conf. Interval]
-------------+----------------------------------------------------------------
 exposure_sa |
        HCQ  |   1.024673   .0754321     0.33   0.741     .8869998    1.183715
      1.male |   1.275775   .0637484     4.87   0.000     1.156754    1.407043
        age1 |   1.058121   .0190312     3.14   0.002     1.021471    1.096087
        age2 |   1.038511   .0277862     1.41   0.158     .9854545    1.094424
        age3 |   .9338946   .0961534    -0.66   0.507     .7632354    1.142713
------------------------------------------------------------------------------

. estimates save $Tempdir/multivar1_sa_exposure, replace 
file E:\analyses\hydroxychloroquine-research/output/sens1/tempdata/multivar1_sa
> _exposure.ster saved

. 
. * DAG adjusted (age, sex, geographic region, other immunosuppressives (will i
> nclude biologics when we have them))  
.         *Note: ethnicity missing for ~20-25%. will model ethnicity in several
>  ways in separate do file
. 
. stcox i.exposure_sa i.male age1 age2 age3 i.dmard_pc i.oral_prednisolone, str
> ata(stp population)                                

         failure _d:  onsnoncoviddeath
   analysis time _t:  (stime_onsnoncoviddeath-origin)
             origin:  time enter_date
  enter on or after:  time enter_date
                 id:  patient_id

Iteration 0:   log likelihood = -15508.834
Iteration 1:   log likelihood = -14394.554
Iteration 2:   log likelihood = -14210.374
Iteration 3:   log likelihood = -14199.173
Iteration 4:   log likelihood = -14198.113
Iteration 5:   log likelihood = -14198.085
Iteration 6:   log likelihood = -14198.085
Refining estimates:
Iteration 0:   log likelihood = -14198.085

Stratified Cox regr. -- Breslow method for ties

No. of subjects =      194,236                  Number of obs    =     194,236
No. of failures =        1,790
Time at risk    =     22940752
                                                LR chi2(7)       =     2621.50
Log likelihood  =   -14198.085                  Prob > chi2      =      0.0000

------------------------------------------------------------------------------
          _t | Haz. Ratio   Std. Err.      z    P>|z|     [95% Conf. Interval]
-------------+----------------------------------------------------------------
 exposure_sa |
        HCQ  |   1.033554   .0768908     0.44   0.657     .8933233    1.195799
      1.male |   1.278487   .0641021     4.90   0.000     1.158825    1.410505
        age1 |   1.059067    .019019     3.20   0.001     1.022439    1.097007
        age2 |   1.032321   .0275999     1.19   0.234     .9796188    1.087858
        age3 |    .952622   .0981594    -0.47   0.638     .7784159    1.165815
  1.dmard_pc |   .6524451   .0354404    -7.86   0.000      .586553    .7257394
1.oral_pr~ne |   2.004875   .1010005    13.81   0.000     1.816377    2.212935
------------------------------------------------------------------------------
                                                  Stratified by stp population

.                                                                              
>    
. estimates save $Tempdir/multivar2_sa_exposure, replace 
file E:\analyses\hydroxychloroquine-research/output/sens1/tempdata/multivar2_sa
> _exposure.ster saved

. 
. * DAG+ other adjustments (NSAIDs, heart disease, lung disease, kidney disease
> , liver disease, BMI, hypertension, cancer, stroke, dementia, and respiratory
>  disease excl asthma (OCS capturing ashtma))
. 
. stcox i.exposure_sa i.male age1 age2 age3 i.dmard_pc i.oral_prednisolone i.ns
> aids i.chronic_cardiac_disease i.resp_excl_asthma i.egfr_cat_nomiss i.chronic
> _liver_disease i.obese4cat i.hypertension i.cancer_ever i.neuro_conditions i.
> flu_vaccine, strata(stp population)      

         failure _d:  onsnoncoviddeath
   analysis time _t:  (stime_onsnoncoviddeath-origin)
             origin:  time enter_date
  enter on or after:  time enter_date
                 id:  patient_id

Iteration 0:   log likelihood = -15508.834
Iteration 1:   log likelihood =  -14196.56
Iteration 2:   log likelihood = -13892.596
Iteration 3:   log likelihood = -13877.232
Iteration 4:   log likelihood = -13876.642
Iteration 5:   log likelihood = -13876.637
Iteration 6:   log likelihood = -13876.637
Refining estimates:
Iteration 0:   log likelihood = -13876.637

Stratified Cox regr. -- Breslow method for ties

No. of subjects =      194,236                  Number of obs    =     194,236
No. of failures =        1,790
Time at risk    =     22940752
                                                LR chi2(20)      =     3264.39
Log likelihood  =   -13876.637                  Prob > chi2      =      0.0000

------------------------------------------------------------------------------
          _t | Haz. Ratio   Std. Err.      z    P>|z|     [95% Conf. Interval]
-------------+----------------------------------------------------------------
 exposure_sa |
        HCQ  |   1.038032   .0773284     0.50   0.616     .8970166    1.201216
      1.male |   1.097787   .0560158     1.83   0.067     .9933093    1.213253
        age1 |   1.059828   .0192401     3.20   0.001     1.022781    1.098217
        age2 |   1.006571   .0272431     0.24   0.809     .9545669    1.061408
        age3 |    1.05423   .1101634     0.51   0.613     .8589893    1.293847
  1.dmard_pc |   .7329139   .0401589    -5.67   0.000     .6582831    .8160058
1.oral_pr~ne |   1.709993   .0891211    10.29   0.000     1.543944      1.8939
    1.nsaids |   .9405048   .0836611    -0.69   0.490     .7900303     1.11964
1.~c_disease |   1.699047   .0872217    10.33   0.000     1.536414    1.878894
1.resp_exc~a |   1.620783   .0874606     8.95   0.000     1.458117    1.801595
             |
egfr_cat_n~s |
      30-59  |   1.008128    .057319     0.14   0.887     .9018178     1.12697
        <30  |    2.36677   .2351296     8.67   0.000     1.948015    2.875542
             |
1.~r_disease |   1.917948   .2822434     4.43   0.000      1.43739    2.559168
             |
   obese4cat |
Obese I ..)  |   .7008222   .0518466    -4.81   0.000     .6062283    .8101762
Obese II..)  |   .9216364   .0968305    -0.78   0.437     .7501175    1.132374
Obese II..)  |   1.022992   .1588985     0.15   0.884      .754497    1.387034
             |
1.hyperten~n |   1.097129    .059143     1.72   0.086     .9871242    1.219392
1.cancer_e~r |   2.140146   .1124776    14.48   0.000     1.930668    2.372352
1.neuro_co~s |   1.762589   .1044292     9.57   0.000     1.569349    1.979624
1.flu_vacc~e |   .7528601   .0429488    -4.98   0.000     .6732175    .8419246
------------------------------------------------------------------------------
                                                  Stratified by stp population

.                                                                              
>    
. estimates save $Tempdir/multivar3_sa_exposure, replace 
file E:\analyses\hydroxychloroquine-research/output/sens1/tempdata/multivar3_sa
> _exposure.ster saved

. 
. 
. 
. 
. /* Print table===============================================================
> =*/ 
. *  Print the results for the main model 
. 
. cap file close tablecontent

. file open tablecontent using $Tabfigdir/table8.txt, write text replace

. 
. * Column headings 
. file write tablecontent ("Table 8: Association between HCQ use and $tableoutc
> ome, 3 month window") _n

. file write tablecontent _tab ("N") _tab ("Univariable") _tab _tab ("Age/Sex A
> djusted") _tab _tab ///
>                                                 ("DAG Adjusted") _tab _tab ("
> Fully Adjusted") _tab _tab  _n

. file write tablecontent _tab _tab ("HR") _tab ("95% CI") _tab ("HR") _tab ///
>                                                 ("95% CI") _tab ("HR") _tab (
> "95% CI") _tab ("HR") _tab ("95% CI") _n

. file write tablecontent ("Main Analysis") _n                                 
>    

. 
. * Row headings 
. local lab0: label exposure_sa 0

. local lab1: label exposure_sa 1

.  
. /* Counts */
.  
. * First row, exposure_sa = 0 (reference)
. 
.         cou if exposure_sa == 0 
  163,735

.         local rowdenom = r(N)

.         cou if exposure_sa == 0 & $outcome == 1
  1,577

.         local pct = 100*(r(N)/`rowdenom') 

.         
.         file write tablecontent ("`lab0'") _tab

.         file write tablecontent (r(N)) (" (") %3.1f (`pct') (")") _tab

.         file write tablecontent ("1.00 (ref)") _tab _tab ("1.00 (ref)") _tab 
> _tab ("1.00 (ref)")  _tab _tab ("1.00 (ref)") _n

.         
. * Second row, exposure_sa = 1 (comparator)
. 
. file write tablecontent ("`lab1'") _tab  

. 
.         cou if exposure_sa == 1 
  30,501

.         local rowdenom = r(N)

.         cou if exposure_sa == 1 & $outcome == 1
  213

.         local pct = 100*(r(N)/`rowdenom') 

.         file write tablecontent (r(N)) (" (") %3.1f (`pct') (")") _tab

. 
. /* Main Model */ 
. estimates use $Tempdir/univar_sa_exposure 

. lincom 1.exposure_sa, eform

 ( 1)  1.exposure_sa = 0

------------------------------------------------------------------------------
          _t |     exp(b)   Std. Err.      z    P>|z|     [95% Conf. Interval]
-------------+----------------------------------------------------------------
         (1) |   .7159809   .0522665    -4.58   0.000     .6205316     .826112
------------------------------------------------------------------------------

. file write tablecontent %4.2f (r(estimate)) _tab ("(") %4.2f (r(lb)) ("-") %4
> .2f (r(ub)) (")") _tab 

. 
. estimates use $Tempdir/multivar1_sa_exposure 

. lincom 1.exposure_sa, eform

 ( 1)  1.exposure_sa = 0

------------------------------------------------------------------------------
          _t |     exp(b)   Std. Err.      z    P>|z|     [95% Conf. Interval]
-------------+----------------------------------------------------------------
         (1) |   1.024673   .0754321     0.33   0.741     .8869998    1.183715
------------------------------------------------------------------------------

. file write tablecontent %4.2f (r(estimate)) _tab ("(") %4.2f (r(lb)) ("-") %4
> .2f (r(ub)) (")") _tab 

. 
. estimates use $Tempdir/multivar2_sa_exposure 

. lincom 1.exposure_sa, eform

 ( 1)  1.exposure_sa = 0

------------------------------------------------------------------------------
          _t |     exp(b)   Std. Err.      z    P>|z|     [95% Conf. Interval]
-------------+----------------------------------------------------------------
         (1) |   1.033554   .0768908     0.44   0.657     .8933233    1.195799
------------------------------------------------------------------------------

. file write tablecontent %4.2f (r(estimate)) _tab ("(") %4.2f (r(lb)) ("-") %4
> .2f (r(ub)) (")") _tab 

. 
. estimates use $Tempdir/multivar3_sa_exposure 

. lincom 1.exposure_sa, eform

 ( 1)  1.exposure_sa = 0

------------------------------------------------------------------------------
          _t |     exp(b)   Std. Err.      z    P>|z|     [95% Conf. Interval]
-------------+----------------------------------------------------------------
         (1) |   1.038032   .0773284     0.50   0.616     .8970166    1.201216
------------------------------------------------------------------------------

. file write tablecontent %4.2f (r(estimate)) _tab ("(") %4.2f (r(lb)) ("-") %4
> .2f (r(ub)) (")") _n 

. 
. file write tablecontent _n

. file close tablecontent

. 
. * Close log file 
. log close
      name:  <unnamed>
       log:  E:\analyses\hydroxychloroquine-research/output/sens1/log\12_an_mod
> els_sa_exposure.log
  log type:  text
 closed on:  19 Jul 2020, 18:30:10
-------------------------------------------------------------------------------
