-------------------------------------------------------------------------------
      name:  <unnamed>
       log:  E:\analyses\hydroxychloroquine-research/output/log\06_an_models.lo
> g
  log type:  text
 opened on:  21 Jul 2020, 14:34:40

. 
. * Open Stata dataset
. use $Tempdir\analysis_dataset_STSET_$outcome, clear

. 
. /* Sense check outcomes======================================================
> =*/ 
. 
. tab exposure $outcome, missing row

+----------------+
| Key            |
|----------------|
|   frequency    |
| row percentage |
+----------------+

           |   Failure/censoring
           |     indicator for
           |  outcome: ONS covid
       HCQ |         death
  Exposure |         0          1 |     Total
-----------+----------------------+----------
    No HCQ |   163,304        470 |   163,774 
           |     99.71       0.29 |    100.00 
-----------+----------------------+----------
       HCQ |    30,444         68 |    30,512 
           |     99.78       0.22 |    100.00 
-----------+----------------------+----------
     Total |   193,748        538 |   194,286 
           |     99.72       0.28 |    100.00 

. 
. /* Main Model================================================================
> =*/
. 
. /* Univariable model */ 
. 
. stcox i.exposure 

         failure _d:  onscoviddeath
   analysis time _t:  (stime_onscoviddeath-origin)
             origin:  time enter_date
  enter on or after:  time enter_date
                 id:  patient_id

Iteration 0:   log likelihood = -6542.9345
Iteration 1:   log likelihood = -6540.7035
Iteration 2:   log likelihood =  -6540.687
Iteration 3:   log likelihood =  -6540.687
Refining estimates:
Iteration 0:   log likelihood =  -6540.687

Cox regression -- Breslow method for ties

No. of subjects =      194,286                  Number of obs    =     194,286
No. of failures =          538
Time at risk    =     22946851
                                                LR chi2(1)       =        4.50
Log likelihood  =    -6540.687                  Prob > chi2      =      0.0340

------------------------------------------------------------------------------
          _t | Haz. Ratio   Std. Err.      z    P>|z|     [95% Conf. Interval]
-------------+----------------------------------------------------------------
    exposure |
        HCQ  |   .7663221   .0994258    -2.05   0.040      .594255    .9882113
------------------------------------------------------------------------------

. estimates save $Tempdir/univar, replace 
file E:\analyses\hydroxychloroquine-research/output/tempdata/univar.ster saved

. 
end of do-file

. do "E:\STATATMP\STD9508_000000.tmp"

. parmest, label eform format(estimate p lb ub) saving("$Tempdir/parmest_univar
> _$outcome", replace) idstr("parmest_univar_$outcome") 
command parmest is unrecognized
r(199);

end of do-file

r(199);

. do "E:\STATATMP\STD9508_000000.tmp"

. parmest, label eform format(estimate p lb ub) saving("$Tempdir/parmest_univar
> _$outcome", replace) idstr("parmest_univar_$outcome") 
command parmcip is unrecognized
r(199);

end of do-file

r(199);

. do "E:\STATATMP\STD9508_000000.tmp"

. parmest, label eform format(estimate p lb ub) saving("$Tempdir/parmest_univar
> _$outcome", replace) idstr("parmest_univar_$outcome") 
command parmcip is unrecognized
r(199);

end of do-file

r(199);

. do "E:\STATATMP\STD9508_000000.tmp"

. parmest, label eform format(estimate p lb ub) saving("$Tempdir/parmest_univar
> _$outcome", replace) idstr("parmest_univar_$outcome") 
command parmcip is unrecognized
r(199);

end of do-file

r(199);

. do "E:\STATATMP\STD9508_000000.tmp"

. use $Tempdir\analysis_dataset_STSET_$outcome, clear

. 
. /* Sense check outcomes======================================================
> =*/ 
. 
. tab exposure $outcome, missing row

+----------------+
| Key            |
|----------------|
|   frequency    |
| row percentage |
+----------------+

           |   Failure/censoring
           |     indicator for
           |  outcome: ONS covid
       HCQ |         death
  Exposure |         0          1 |     Total
-----------+----------------------+----------
    No HCQ |   163,304        470 |   163,774 
           |     99.71       0.29 |    100.00 
-----------+----------------------+----------
       HCQ |    30,444         68 |    30,512 
           |     99.78       0.22 |    100.00 
-----------+----------------------+----------
     Total |   193,748        538 |   194,286 
           |     99.72       0.28 |    100.00 

. 
. /* Main Model================================================================
> =*/
. 
. /* Univariable model */ 
. 
. stcox i.exposure 

         failure _d:  onscoviddeath
   analysis time _t:  (stime_onscoviddeath-origin)
             origin:  time enter_date
  enter on or after:  time enter_date
                 id:  patient_id

Iteration 0:   log likelihood = -6542.9345
Iteration 1:   log likelihood = -6540.7035
Iteration 2:   log likelihood =  -6540.687
Iteration 3:   log likelihood =  -6540.687
Refining estimates:
Iteration 0:   log likelihood =  -6540.687

Cox regression -- Breslow method for ties

No. of subjects =      194,286                  Number of obs    =     194,286
No. of failures =          538
Time at risk    =     22946851
                                                LR chi2(1)       =        4.50
Log likelihood  =    -6540.687                  Prob > chi2      =      0.0340

------------------------------------------------------------------------------
          _t | Haz. Ratio   Std. Err.      z    P>|z|     [95% Conf. Interval]
-------------+----------------------------------------------------------------
    exposure |
        HCQ  |   .7663221   .0994258    -2.05   0.040      .594255    .9882113
------------------------------------------------------------------------------

. estimates save $Tempdir/univar, replace 
file E:\analyses\hydroxychloroquine-research/output/tempdata/univar.ster saved

. parmest, label eform format(estimate p lb ub) saving("$Tempdir/parmest_univar
> _$outcome", replace) idstr("parmest_univar_$outcome") 
command parmcip is unrecognized
r(199);

end of do-file

r(199);

. do "E:\STATATMP\STD9508_000000.tmp"

. parmest, label eform format(estimate p lb ub) saving("$Tempdir/parmest_univar
> _$outcome", replace) idstr("parmest_univar_$outcome") 
command parmcip is unrecognized
r(199);

end of do-file

r(199);

. do "E:\STATATMP\STD9508_000000.tmp"

. parmest, label eform format(estimate p lb ub) saving("$Tempdir/parmest_univar
> _$outcome", replace) idstr("parmest_univar_$outcome") 
command parmcip is unrecognized
r(199);

end of do-file

r(199);

. do "E:\STATATMP\STD9508_000000.tmp"

. parmest, label eform format(estimate p lb ub) saving("$Tempdir/parmest_univar
> _$outcome", replace) idstr("parmest_univar_$outcome") 
command parmcip is unrecognized
r(199);

end of do-file

r(199);

. exit, clear
