-------------------------------------------------------------------------------
      name:  <unnamed>
       log:  E:\analyses\hydroxychloroquine-research/output/log\x2_hcq_pop.log
  log type:  text
 opened on:  19 Jul 2020, 18:15:58

. 
. 
. 
. /* SET Index date ===========================================================
> */
. global indexdate                        = "01/03/2020"

. 
. 
. 
. 
. 
. /* CONVERT STRINGS TO DATE===================================================
> =*/
. /* Comorb dates are given with month/year only, so adding day 15 to enable
>    them to be processed as dates                                             
>                                              */
. 
. foreach var of varlist   rheumatoid                                          
>            ///
>                                                  sle                         
>                                    ///
>          {
  2.                                                         
.                 capture confirm string variable `var'
  3.                 if _rc!=0 {
  4.                         assert `var'==.
  5.                         rename `var' `var'_date
  6.                 }
  7.         
.                 else {
  8.                                 replace `var' = `var' + "-15"
  9.                                 rename `var' `var'_dstr
 10.                                 replace `var'_dstr = " " if `var'_dstr == 
> "-15"
 11.                                 gen `var'_date = date(`var'_dstr, "YMD") 
 12.                                 order `var'_date, after(`var'_dstr)
 13.                                 drop `var'_dstr
 14.                 }
 15.         
.         format `var'_date %td
 16. }
variable rheumatoid was str7 now str10
(17,209,057 real changes made)
(17,040,422 real changes made)
(17,040,422 missing values generated)
variable sle was str7 now str10
(17,209,057 real changes made)
(17,180,767 real changes made)
(17,180,767 missing values generated)

. 
. 
. /* CREATE BINARY VARIABLES===================================================
> =*/
. *  Make indicator variables for all conditions where relevant 
. 
. foreach var of varlist   rheumatoid_date                                     
>    ///
>                                                  sle_date                    
>                                    ///
>          {
  2.         /* date ranges are applied in python, so presence of date indicate
> s presence of 
>           disease in the correct time frame */ 
.         local newvar =  substr("`var'", 1, length("`var'") - 5)
  3.         gen `newvar' = (`var'!=. )
  4.         order `newvar', after(`var')
  5.         
. }

. 
. 
. 
. /* EXPOSURE INFORMATION ====================================================*
> /
. gen hcq = 1 if hcq_count != . & hcq_count >= 2
(17,164,501 missing values generated)

. recode hcq .=0
(hcq: 17164501 changes made)

. 
. 
. /* OTHER DRUGS =============================================================*
> /
. gen dmard_pc = 1 if dmards_primary_care_count != . & dmards_primary_care_coun
> t >= 2
(17,067,605 missing values generated)

. recode dmard_pc .=0
(dmard_pc: 17067605 changes made)

. 
. 
. 
. 
. 
. /* DEMOGRAPHICS */ 
. 
. * Sex
. gen male = 1 if sex == "M"
(8,614,465 missing values generated)

. replace male = 0 if sex == "F"
(8,614,465 real changes made)

. 
. /*  IMD  */
. * Group into 5 groups
. rename imd imd_o

. egen imd = cut(imd_o), group(5) icodes

. 
. * add one to create groups 1 - 5 
. replace imd = imd + 1
(17,209,057 real changes made)

. 
. * - 1 is missing, should be excluded from population 
. replace imd = .u if imd_o == -1
(0 real changes made)

. drop imd_o

. 
. * Reverse the order (so high is more deprived)
. recode imd 5 = 1 4 = 2 3 = 3 2 = 4 1 = 5 .u = .u
(imd: 13747521 changes made)

. 
. label define imd 1 "1 least deprived" 2 "2" 3 "3" 4 "4" 5 "5 most deprived" .
> u "Unknown"

. label values imd imd 

. 
. /*  Age variables  */ 
. 
. * Create categorised age
. recode age 18/39.9999 = 1 /// 
>            40/49.9999 = 2 ///
>                    50/59.9999 = 3 ///
>                60/69.9999 = 4 ///
>                    70/79.9999 = 5 ///
>                    80/max = 6, gen(agegroup) 
(17209057 differences between age and agegroup)

. 
. label define agegroup   1 "18-<40" ///
>                                                 2 "40-<50" ///
>                                                 3 "50-<60" ///
>                                                 4 "60-<70" ///
>                                                 5 "70-<80" ///
>                                                 6 "80+"

.                                                 
. label values agegroup agegroup

. 
. 
. 
. /* POPULATION =============================================================*/
. tab rheumatoid sle, m

           |          sle
rheumatoid |         0          1 |     Total
-----------+----------------------+----------
         0 |17,014,785     25,637 |17,040,422 
         1 |   165,982      2,653 |   168,635 
-----------+----------------------+----------
     Total |17,180,767     28,290 |17,209,057 

. *small % both population, so take most recent
. gen population = .
(17,209,057 missing values generated)

. replace population = 0 if rheumatoid == 1 & sle != 1
(165,982 real changes made)

. replace population = 1 if rheumatoid != 1 & sle == 1
(25,637 real changes made)

. replace population = 0 if rheumatoid == 1 & sle == 1 & rheumatoid_date >= sle
> _date
(1,553 real changes made)

. replace population = 1 if rheumatoid == 1 & sle == 1 & rheumatoid_date < sle_
> date
(1,100 real changes made)

. 
. label define population 0 "RA" 1 "SLE"

. label values population population

. 
. 
. 
. /* APPLY INCLUSION/EXCLUIONS=================================================
> =*/ 
. 
. noi di "DROP MISSING GENDER:"
DROP MISSING GENDER:

. drop if inlist(sex,"I", "U")
(0 observations deleted)

. 
. noi di "DROP AGE <18:"
DROP AGE <18:

. drop if age < 18 
(0 observations deleted)

. 
. noi di "DROP AGE >110:"
DROP AGE >110:

. drop if age > 110 & age != .
(0 observations deleted)

. 
. noi di "DROP AGE MISSING:"
DROP AGE MISSING:

. drop if age == . 
(0 observations deleted)

. 
. noi di "DROP IMD MISSING"
DROP IMD MISSING

. drop if imd == .u
(0 observations deleted)

. 
. 
. /* CHECK INCLUSION AND EXCLUSION CRITERIA====================================
> =*/ 
. 
. * DATA STRUCTURE: Confirm one row per patient 
. duplicates tag patient_id, generate(dup_check)

Duplicates in terms of patient_id

. assert dup_check == 0 

. drop dup_check

. 
. * INCLUSION 2: >=18 and <=110 at 1 March 2020 
. assert age < .

. assert age >= 18 

. assert age <= 110

.  
.  * EXCLUSION 3a: M or F gender at 1 March 2020 
. assert inlist(sex, "M", "F")

. 
. * EXCLUSION 3b:  MISSING IMD
. assert inlist(imd, 1, 2, 3, 4, 5)

. 
. 
. 
. 
. 
. 
. 
. 
. *get some stats 
. 
. *demographics
. tab1 male imd agegroup, m

-> tabulation of male  

       male |      Freq.     Percent        Cum.
------------+-----------------------------------
          0 |  8,614,465       50.06       50.06
          1 |  8,594,592       49.94      100.00
------------+-----------------------------------
      Total | 17,209,057      100.00

-> tabulation of imd  

             imd |      Freq.     Percent        Cum.
-----------------+-----------------------------------
1 least deprived |  3,456,563       20.09       20.09
               2 |  3,446,939       20.03       40.12
               3 |  3,461,536       20.11       60.23
               4 |  3,424,746       19.90       80.13
 5 most deprived |  3,419,273       19.87      100.00
-----------------+-----------------------------------
           Total | 17,209,057      100.00

-> tabulation of agegroup  

  RECODE of |
        age |      Freq.     Percent        Cum.
------------+-----------------------------------
     18-<40 |  5,883,840       34.19       34.19
     40-<50 |  2,834,953       16.47       50.66
     50-<60 |  3,039,267       17.66       68.32
     60-<70 |  2,385,088       13.86       82.18
     70-<80 |  1,936,101       11.25       93.43
        80+ |  1,129,808        6.57      100.00
------------+-----------------------------------
      Total | 17,209,057      100.00

. 
. *PREVALENCE OVERALL
. tab1 hcq dmard_pc, m

-> tabulation of hcq  

        hcq |      Freq.     Percent        Cum.
------------+-----------------------------------
          0 | 17,164,501       99.74       99.74
          1 |     44,556        0.26      100.00
------------+-----------------------------------
      Total | 17,209,057      100.00

-> tabulation of dmard_pc  

   dmard_pc |      Freq.     Percent        Cum.
------------+-----------------------------------
          0 | 17,067,605       99.18       99.18
          1 |    141,452        0.82      100.00
------------+-----------------------------------
      Total | 17,209,057      100.00

. *hcq prevalence in patient groups
. tab population hcq,m row

+----------------+
| Key            |
|----------------|
|   frequency    |
| row percentage |
+----------------+

           |          hcq
population |         0          1 |     Total
-----------+----------------------+----------
        RA |   143,868     23,667 |   167,535 
           |     85.87      14.13 |    100.00 
-----------+----------------------+----------
       SLE |    19,901      6,836 |    26,737 
           |     74.43      25.57 |    100.00 
-----------+----------------------+----------
         . |17,000,732     14,053 |17,014,785 
           |     99.92       0.08 |    100.00 
-----------+----------------------+----------
     Total |17,164,501     44,556 |17,209,057 
           |     99.74       0.26 |    100.00 

. tab rheumatoid hcq,m row

+----------------+
| Key            |
|----------------|
|   frequency    |
| row percentage |
+----------------+

           |          hcq
rheumatoid |         0          1 |     Total
-----------+----------------------+----------
         0 |17,019,965     20,457 |17,040,422 
           |     99.88       0.12 |    100.00 
-----------+----------------------+----------
         1 |   144,536     24,099 |   168,635 
           |     85.71      14.29 |    100.00 
-----------+----------------------+----------
     Total |17,164,501     44,556 |17,209,057 
           |     99.74       0.26 |    100.00 

. tab sle hcq, m row

+----------------+
| Key            |
|----------------|
|   frequency    |
| row percentage |
+----------------+

           |          hcq
       sle |         0          1 |     Total
-----------+----------------------+----------
         0 |17,143,674     37,093 |17,180,767 
           |     99.78       0.22 |    100.00 
-----------+----------------------+----------
         1 |    20,827      7,463 |    28,290 
           |     73.62      26.38 |    100.00 
-----------+----------------------+----------
     Total |17,164,501     44,556 |17,209,057 
           |     99.74       0.26 |    100.00 

. tab male hcq, m row

+----------------+
| Key            |
|----------------|
|   frequency    |
| row percentage |
+----------------+

           |          hcq
      male |         0          1 |     Total
-----------+----------------------+----------
         0 | 8,579,947     34,518 | 8,614,465 
           |     99.60       0.40 |    100.00 
-----------+----------------------+----------
         1 | 8,584,554     10,038 | 8,594,592 
           |     99.88       0.12 |    100.00 
-----------+----------------------+----------
     Total |17,164,501     44,556 |17,209,057 
           |     99.74       0.26 |    100.00 

. tab imd hcq, m row

+----------------+
| Key            |
|----------------|
|   frequency    |
| row percentage |
+----------------+

                 |          hcq
             imd |         0          1 |     Total
-----------------+----------------------+----------
1 least deprived | 3,447,238      9,325 | 3,456,563 
                 |     99.73       0.27 |    100.00 
-----------------+----------------------+----------
               2 | 3,437,817      9,122 | 3,446,939 
                 |     99.74       0.26 |    100.00 
-----------------+----------------------+----------
               3 | 3,452,257      9,279 | 3,461,536 
                 |     99.73       0.27 |    100.00 
-----------------+----------------------+----------
               4 | 3,416,097      8,649 | 3,424,746 
                 |     99.75       0.25 |    100.00 
-----------------+----------------------+----------
 5 most deprived | 3,411,092      8,181 | 3,419,273 
                 |     99.76       0.24 |    100.00 
-----------------+----------------------+----------
           Total |17,164,501     44,556 |17,209,057 
                 |     99.74       0.26 |    100.00 

. tab agegroup hcq, m row

+----------------+
| Key            |
|----------------|
|   frequency    |
| row percentage |
+----------------+

 RECODE of |          hcq
       age |         0          1 |     Total
-----------+----------------------+----------
    18-<40 | 5,880,241      3,599 | 5,883,840 
           |     99.94       0.06 |    100.00 
-----------+----------------------+----------
    40-<50 | 2,829,247      5,706 | 2,834,953 
           |     99.80       0.20 |    100.00 
-----------+----------------------+----------
    50-<60 | 3,029,201     10,066 | 3,039,267 
           |     99.67       0.33 |    100.00 
-----------+----------------------+----------
    60-<70 | 2,373,592     11,496 | 2,385,088 
           |     99.52       0.48 |    100.00 
-----------+----------------------+----------
    70-<80 | 1,926,288      9,813 | 1,936,101 
           |     99.49       0.51 |    100.00 
-----------+----------------------+----------
       80+ | 1,125,932      3,876 | 1,129,808 
           |     99.66       0.34 |    100.00 
-----------+----------------------+----------
     Total |17,164,501     44,556 |17,209,057 
           |     99.74       0.26 |    100.00 

. *dmard prevalence in patient groups
. tab population dmard_pc,m row

+----------------+
| Key            |
|----------------|
|   frequency    |
| row percentage |
+----------------+

           |       dmard_pc
population |         0          1 |     Total
-----------+----------------------+----------
        RA |    99,213     68,322 |   167,535 
           |     59.22      40.78 |    100.00 
-----------+----------------------+----------
       SLE |    23,708      3,029 |    26,737 
           |     88.67      11.33 |    100.00 
-----------+----------------------+----------
         . |16,944,684     70,101 |17,014,785 
           |     99.59       0.41 |    100.00 
-----------+----------------------+----------
     Total |17,067,605    141,452 |17,209,057 
           |     99.18       0.82 |    100.00 

. tab rheumatoid dmard_pc,m row

+----------------+
| Key            |
|----------------|
|   frequency    |
| row percentage |
+----------------+

           |       dmard_pc
rheumatoid |         0          1 |     Total
-----------+----------------------+----------
         0 |16,967,670     72,752 |17,040,422 
           |     99.57       0.43 |    100.00 
-----------+----------------------+----------
         1 |    99,935     68,700 |   168,635 
           |     59.26      40.74 |    100.00 
-----------+----------------------+----------
     Total |17,067,605    141,452 |17,209,057 
           |     99.18       0.82 |    100.00 

. tab sle dmard_pc, m row

+----------------+
| Key            |
|----------------|
|   frequency    |
| row percentage |
+----------------+

           |       dmard_pc
       sle |         0          1 |     Total
-----------+----------------------+----------
         0 |17,042,912    137,855 |17,180,767 
           |     99.20       0.80 |    100.00 
-----------+----------------------+----------
         1 |    24,693      3,597 |    28,290 
           |     87.29      12.71 |    100.00 
-----------+----------------------+----------
     Total |17,067,605    141,452 |17,209,057 
           |     99.18       0.82 |    100.00 

. tab male dmard_pc, m row

+----------------+
| Key            |
|----------------|
|   frequency    |
| row percentage |
+----------------+

           |       dmard_pc
      male |         0          1 |     Total
-----------+----------------------+----------
         0 | 8,528,206     86,259 | 8,614,465 
           |     99.00       1.00 |    100.00 
-----------+----------------------+----------
         1 | 8,539,399     55,193 | 8,594,592 
           |     99.36       0.64 |    100.00 
-----------+----------------------+----------
     Total |17,067,605    141,452 |17,209,057 
           |     99.18       0.82 |    100.00 

. tab imd dmard_pc, m row

+----------------+
| Key            |
|----------------|
|   frequency    |
| row percentage |
+----------------+

                 |       dmard_pc
             imd |         0          1 |     Total
-----------------+----------------------+----------
1 least deprived | 3,425,510     31,053 | 3,456,563 
                 |     99.10       0.90 |    100.00 
-----------------+----------------------+----------
               2 | 3,416,837     30,102 | 3,446,939 
                 |     99.13       0.87 |    100.00 
-----------------+----------------------+----------
               3 | 3,431,879     29,657 | 3,461,536 
                 |     99.14       0.86 |    100.00 
-----------------+----------------------+----------
               4 | 3,397,862     26,884 | 3,424,746 
                 |     99.22       0.78 |    100.00 
-----------------+----------------------+----------
 5 most deprived | 3,395,517     23,756 | 3,419,273 
                 |     99.31       0.69 |    100.00 
-----------------+----------------------+----------
           Total |17,067,605    141,452 |17,209,057 
                 |     99.18       0.82 |    100.00 

. tab agegroup dmard_pc, m row

+----------------+
| Key            |
|----------------|
|   frequency    |
| row percentage |
+----------------+

 RECODE of |       dmard_pc
       age |         0          1 |     Total
-----------+----------------------+----------
    18-<40 | 5,869,402     14,438 | 5,883,840 
           |     99.75       0.25 |    100.00 
-----------+----------------------+----------
    40-<50 | 2,818,803     16,150 | 2,834,953 
           |     99.43       0.57 |    100.00 
-----------+----------------------+----------
    50-<60 | 3,010,321     28,946 | 3,039,267 
           |     99.05       0.95 |    100.00 
-----------+----------------------+----------
    60-<70 | 2,351,528     33,560 | 2,385,088 
           |     98.59       1.41 |    100.00 
-----------+----------------------+----------
    70-<80 | 1,903,037     33,064 | 1,936,101 
           |     98.29       1.71 |    100.00 
-----------+----------------------+----------
       80+ | 1,114,514     15,294 | 1,129,808 
           |     98.65       1.35 |    100.00 
-----------+----------------------+----------
     Total |17,067,605    141,452 |17,209,057 
           |     99.18       0.82 |    100.00 

. 
. 
. *PREVALENCE IN RA
. tab1 hcq dmard_pc if population == 0, m

-> tabulation of hcq if population == 0 

        hcq |      Freq.     Percent        Cum.
------------+-----------------------------------
          0 |    143,868       85.87       85.87
          1 |     23,667       14.13      100.00
------------+-----------------------------------
      Total |    167,535      100.00

-> tabulation of dmard_pc if population == 0 

   dmard_pc |      Freq.     Percent        Cum.
------------+-----------------------------------
          0 |     99,213       59.22       59.22
          1 |     68,322       40.78      100.00
------------+-----------------------------------
      Total |    167,535      100.00

. *hcq prevalence in patient groups
. tab sle hcq if population == 0, m row

+----------------+
| Key            |
|----------------|
|   frequency    |
| row percentage |
+----------------+

           |          hcq
       sle |         0          1 |     Total
-----------+----------------------+----------
         0 |   142,942     23,040 |   165,982 
           |     86.12      13.88 |    100.00 
-----------+----------------------+----------
         1 |       926        627 |     1,553 
           |     59.63      40.37 |    100.00 
-----------+----------------------+----------
     Total |   143,868     23,667 |   167,535 
           |     85.87      14.13 |    100.00 

. tab male hcq if population == 0, m row

+----------------+
| Key            |
|----------------|
|   frequency    |
| row percentage |
+----------------+

           |          hcq
      male |         0          1 |     Total
-----------+----------------------+----------
         0 |    99,033     17,139 |   116,172 
           |     85.25      14.75 |    100.00 
-----------+----------------------+----------
         1 |    44,835      6,528 |    51,363 
           |     87.29      12.71 |    100.00 
-----------+----------------------+----------
     Total |   143,868     23,667 |   167,535 
           |     85.87      14.13 |    100.00 

. tab imd hcq if population == 0, m row

+----------------+
| Key            |
|----------------|
|   frequency    |
| row percentage |
+----------------+

                 |          hcq
             imd |         0          1 |     Total
-----------------+----------------------+----------
1 least deprived |    29,213      4,716 |    33,929 
                 |     86.10      13.90 |    100.00 
-----------------+----------------------+----------
               2 |    29,234      4,739 |    33,973 
                 |     86.05      13.95 |    100.00 
-----------------+----------------------+----------
               3 |    29,942      5,005 |    34,947 
                 |     85.68      14.32 |    100.00 
-----------------+----------------------+----------
               4 |    28,498      4,688 |    33,186 
                 |     85.87      14.13 |    100.00 
-----------------+----------------------+----------
 5 most deprived |    26,981      4,519 |    31,500 
                 |     85.65      14.35 |    100.00 
-----------------+----------------------+----------
           Total |   143,868     23,667 |   167,535 
                 |     85.87      14.13 |    100.00 

. tab agegroup hcq if population == 0, m row

+----------------+
| Key            |
|----------------|
|   frequency    |
| row percentage |
+----------------+

 RECODE of |          hcq
       age |         0          1 |     Total
-----------+----------------------+----------
    18-<40 |     8,936      1,129 |    10,065 
           |     88.78      11.22 |    100.00 
-----------+----------------------+----------
    40-<50 |    12,804      2,284 |    15,088 
           |     84.86      15.14 |    100.00 
-----------+----------------------+----------
    50-<60 |    25,985      4,884 |    30,869 
           |     84.18      15.82 |    100.00 
-----------+----------------------+----------
    60-<70 |    33,403      6,562 |    39,965 
           |     83.58      16.42 |    100.00 
-----------+----------------------+----------
    70-<80 |    38,173      6,193 |    44,366 
           |     86.04      13.96 |    100.00 
-----------+----------------------+----------
       80+ |    24,567      2,615 |    27,182 
           |     90.38       9.62 |    100.00 
-----------+----------------------+----------
     Total |   143,868     23,667 |   167,535 
           |     85.87      14.13 |    100.00 

. *dmard prevalence in patient groups
. tab sle dmard_pc if population == 0, m row

+----------------+
| Key            |
|----------------|
|   frequency    |
| row percentage |
+----------------+

           |       dmard_pc
       sle |         0          1 |     Total
-----------+----------------------+----------
         0 |    98,228     67,754 |   165,982 
           |     59.18      40.82 |    100.00 
-----------+----------------------+----------
         1 |       985        568 |     1,553 
           |     63.43      36.57 |    100.00 
-----------+----------------------+----------
     Total |    99,213     68,322 |   167,535 
           |     59.22      40.78 |    100.00 

. tab male dmard_pc if population == 0, m row

+----------------+
| Key            |
|----------------|
|   frequency    |
| row percentage |
+----------------+

           |       dmard_pc
      male |         0          1 |     Total
-----------+----------------------+----------
         0 |    69,389     46,783 |   116,172 
           |     59.73      40.27 |    100.00 
-----------+----------------------+----------
         1 |    29,824     21,539 |    51,363 
           |     58.07      41.93 |    100.00 
-----------+----------------------+----------
     Total |    99,213     68,322 |   167,535 
           |     59.22      40.78 |    100.00 

. tab imd dmard_pc if population == 0, m row

+----------------+
| Key            |
|----------------|
|   frequency    |
| row percentage |
+----------------+

                 |       dmard_pc
             imd |         0          1 |     Total
-----------------+----------------------+----------
1 least deprived |    19,482     14,447 |    33,929 
                 |     57.42      42.58 |    100.00 
-----------------+----------------------+----------
               2 |    19,665     14,308 |    33,973 
                 |     57.88      42.12 |    100.00 
-----------------+----------------------+----------
               3 |    20,594     14,353 |    34,947 
                 |     58.93      41.07 |    100.00 
-----------------+----------------------+----------
               4 |    19,947     13,239 |    33,186 
                 |     60.11      39.89 |    100.00 
-----------------+----------------------+----------
 5 most deprived |    19,525     11,975 |    31,500 
                 |     61.98      38.02 |    100.00 
-----------------+----------------------+----------
           Total |    99,213     68,322 |   167,535 
                 |     59.22      40.78 |    100.00 

. tab agegroup dmard_pc if population == 0, m row

+----------------+
| Key            |
|----------------|
|   frequency    |
| row percentage |
+----------------+

 RECODE of |       dmard_pc
       age |         0          1 |     Total
-----------+----------------------+----------
    18-<40 |     7,608      2,457 |    10,065 
           |     75.59      24.41 |    100.00 
-----------+----------------------+----------
    40-<50 |     9,909      5,179 |    15,088 
           |     65.67      34.33 |    100.00 
-----------+----------------------+----------
    50-<60 |    18,386     12,483 |    30,869 
           |     59.56      40.44 |    100.00 
-----------+----------------------+----------
    60-<70 |    21,988     17,977 |    39,965 
           |     55.02      44.98 |    100.00 
-----------+----------------------+----------
    70-<80 |    24,241     20,125 |    44,366 
           |     54.64      45.36 |    100.00 
-----------+----------------------+----------
       80+ |    17,081     10,101 |    27,182 
           |     62.84      37.16 |    100.00 
-----------+----------------------+----------
     Total |    99,213     68,322 |   167,535 
           |     59.22      40.78 |    100.00 

. 
. *PREVALENCE IN SLE
. tab1 hcq dmard_pc if population == 1, m

-> tabulation of hcq if population == 1 

        hcq |      Freq.     Percent        Cum.
------------+-----------------------------------
          0 |     19,901       74.43       74.43
          1 |      6,836       25.57      100.00
------------+-----------------------------------
      Total |     26,737      100.00

-> tabulation of dmard_pc if population == 1 

   dmard_pc |      Freq.     Percent        Cum.
------------+-----------------------------------
          0 |     23,708       88.67       88.67
          1 |      3,029       11.33      100.00
------------+-----------------------------------
      Total |     26,737      100.00

. *hcq prevalence in patient groups
. tab rheumatoid hcq if population == 1, m row

+----------------+
| Key            |
|----------------|
|   frequency    |
| row percentage |
+----------------+

           |          hcq
rheumatoid |         0          1 |     Total
-----------+----------------------+----------
         0 |    19,233      6,404 |    25,637 
           |     75.02      24.98 |    100.00 
-----------+----------------------+----------
         1 |       668        432 |     1,100 
           |     60.73      39.27 |    100.00 
-----------+----------------------+----------
     Total |    19,901      6,836 |    26,737 
           |     74.43      25.57 |    100.00 

. tab male hcq if population == 1, m row

+----------------+
| Key            |
|----------------|
|   frequency    |
| row percentage |
+----------------+

           |          hcq
      male |         0          1 |     Total
-----------+----------------------+----------
         0 |    15,856      6,156 |    22,012 
           |     72.03      27.97 |    100.00 
-----------+----------------------+----------
         1 |     4,045        680 |     4,725 
           |     85.61      14.39 |    100.00 
-----------+----------------------+----------
     Total |    19,901      6,836 |    26,737 
           |     74.43      25.57 |    100.00 

. tab imd hcq if population == 1, m row

+----------------+
| Key            |
|----------------|
|   frequency    |
| row percentage |
+----------------+

                 |          hcq
             imd |         0          1 |     Total
-----------------+----------------------+----------
1 least deprived |     4,219      1,388 |     5,607 
                 |     75.25      24.75 |    100.00 
-----------------+----------------------+----------
               2 |     4,171      1,348 |     5,519 
                 |     75.58      24.42 |    100.00 
-----------------+----------------------+----------
               3 |     4,107      1,381 |     5,488 
                 |     74.84      25.16 |    100.00 
-----------------+----------------------+----------
               4 |     3,765      1,362 |     5,127 
                 |     73.43      26.57 |    100.00 
-----------------+----------------------+----------
 5 most deprived |     3,639      1,357 |     4,996 
                 |     72.84      27.16 |    100.00 
-----------------+----------------------+----------
           Total |    19,901      6,836 |    26,737 
                 |     74.43      25.57 |    100.00 

. tab agegroup hcq if population == 1, m row

+----------------+
| Key            |
|----------------|
|   frequency    |
| row percentage |
+----------------+

 RECODE of |          hcq
       age |         0          1 |     Total
-----------+----------------------+----------
    18-<40 |     2,474      1,145 |     3,619 
           |     68.36      31.64 |    100.00 
-----------+----------------------+----------
    40-<50 |     3,004      1,318 |     4,322 
           |     69.50      30.50 |    100.00 
-----------+----------------------+----------
    50-<60 |     4,431      1,732 |     6,163 
           |     71.90      28.10 |    100.00 
-----------+----------------------+----------
    60-<70 |     4,258      1,400 |     5,658 
           |     75.26      24.74 |    100.00 
-----------+----------------------+----------
    70-<80 |     3,810        933 |     4,743 
           |     80.33      19.67 |    100.00 
-----------+----------------------+----------
       80+ |     1,924        308 |     2,232 
           |     86.20      13.80 |    100.00 
-----------+----------------------+----------
     Total |    19,901      6,836 |    26,737 
           |     74.43      25.57 |    100.00 

. *dmard prevalence in patient groups
. tab rheumatoid dmard_pc if population == 1, m row

+----------------+
| Key            |
|----------------|
|   frequency    |
| row percentage |
+----------------+

           |       dmard_pc
rheumatoid |         0          1 |     Total
-----------+----------------------+----------
         0 |    22,986      2,651 |    25,637 
           |     89.66      10.34 |    100.00 
-----------+----------------------+----------
         1 |       722        378 |     1,100 
           |     65.64      34.36 |    100.00 
-----------+----------------------+----------
     Total |    23,708      3,029 |    26,737 
           |     88.67      11.33 |    100.00 

. tab male dmard_pc if population == 1, m row

+----------------+
| Key            |
|----------------|
|   frequency    |
| row percentage |
+----------------+

           |       dmard_pc
      male |         0          1 |     Total
-----------+----------------------+----------
         0 |    19,359      2,653 |    22,012 
           |     87.95      12.05 |    100.00 
-----------+----------------------+----------
         1 |     4,349        376 |     4,725 
           |     92.04       7.96 |    100.00 
-----------+----------------------+----------
     Total |    23,708      3,029 |    26,737 
           |     88.67      11.33 |    100.00 

. tab imd dmard_pc if population == 1, m row

+----------------+
| Key            |
|----------------|
|   frequency    |
| row percentage |
+----------------+

                 |       dmard_pc
             imd |         0          1 |     Total
-----------------+----------------------+----------
1 least deprived |     5,002        605 |     5,607 
                 |     89.21      10.79 |    100.00 
-----------------+----------------------+----------
               2 |     4,888        631 |     5,519 
                 |     88.57      11.43 |    100.00 
-----------------+----------------------+----------
               3 |     4,890        598 |     5,488 
                 |     89.10      10.90 |    100.00 
-----------------+----------------------+----------
               4 |     4,530        597 |     5,127 
                 |     88.36      11.64 |    100.00 
-----------------+----------------------+----------
 5 most deprived |     4,398        598 |     4,996 
                 |     88.03      11.97 |    100.00 
-----------------+----------------------+----------
           Total |    23,708      3,029 |    26,737 
                 |     88.67      11.33 |    100.00 

. tab agegroup dmard_pc if population == 1, m row

+----------------+
| Key            |
|----------------|
|   frequency    |
| row percentage |
+----------------+

 RECODE of |       dmard_pc
       age |         0          1 |     Total
-----------+----------------------+----------
    18-<40 |     3,075        544 |     3,619 
           |     84.97      15.03 |    100.00 
-----------+----------------------+----------
    40-<50 |     3,700        622 |     4,322 
           |     85.61      14.39 |    100.00 
-----------+----------------------+----------
    50-<60 |     5,422        741 |     6,163 
           |     87.98      12.02 |    100.00 
-----------+----------------------+----------
    60-<70 |     5,069        589 |     5,658 
           |     89.59      10.41 |    100.00 
-----------+----------------------+----------
    70-<80 |     4,333        410 |     4,743 
           |     91.36       8.64 |    100.00 
-----------+----------------------+----------
       80+ |     2,109        123 |     2,232 
           |     94.49       5.51 |    100.00 
-----------+----------------------+----------
     Total |    23,708      3,029 |    26,737 
           |     88.67      11.33 |    100.00 

. 
. * Close log file 
. log close
      name:  <unnamed>
       log:  E:\analyses\hydroxychloroquine-research/output/log\x2_hcq_pop.log
  log type:  text
 closed on:  19 Jul 2020, 18:19:17
-------------------------------------------------------------------------------
