-------------------------------------------------------------------------------
      name:  <unnamed>
       log:  E:\analyses\hydroxychloroquine-research/output/sens3/log\02_cr_cre
> ate_exposure.log
  log type:  text
 opened on:  19 Jul 2020, 18:40:50

. 
. /* TREATMENT EXPOSURE========================================================
> =*/        
. 
. * At least two prescriptions of HCQ in 6 months prior
. gen exposure=hcq  

. label define exposure 0 "No HCQ" 1 "HCQ"

. label values exposure exposure 

. label var exposure "HCQ Exposure"

. 
. * At least one prescriptions of HCQ in 3 months prior
. gen exposure_sa=hcq  

. label define exposure_sa 0 "No HCQ" 1 "HCQ"

. label values exposure_sa exposure_sa 

. label var exposure_sa "HCQ Exposure, 3 mos"

. 
. /* SAVE DATA=================================================================
> =*/        
. 
. sort patient_id

. save $Tempdir\analysis_dataset, replace
file E:\analyses\hydroxychloroquine-research/output/sens3/tempdata\analysis_dat
> aset.dta saved

. 
. * Save a version set on outcome
. stset stime_$outcome, fail($outcome) id(patient_id) enter(enter_date) origin(
> enter_date)        

                id:  patient_id
     failure event:  firstpos_primcare != 0 & firstpos_primcare < .
obs. time interval:  (stime_firstpos_primcare[_n-1], stime_firstpos_primcare]
 enter on or after:  time enter_date
 exit on or before:  failure
    t for analysis:  (time-origin)
            origin:  time enter_date

------------------------------------------------------------------------------
    194,226  total observations
          0  exclusions
------------------------------------------------------------------------------
    194,226  observations remaining, representing
    194,226  subjects
      1,332  failures in single-failure-per-subject data
   24563948  total analysis time at risk and under observation
                                                at risk from t =         0
                                     earliest observed entry t =         0
                                          last observed exit t =       129

. save $Tempdir\analysis_dataset_STSET_$outcome, replace
file E:\analyses\hydroxychloroquine-research/output/sens3/tempdata\analysis_dat
> aset_STSET_firstpos_primcare.dta saved

. 
. * Close log file 
. log close
      name:  <unnamed>
       log:  E:\analyses\hydroxychloroquine-research/output/sens3/log\02_cr_cre
> ate_exposure.log
  log type:  text
 closed on:  19 Jul 2020, 18:40:52
-------------------------------------------------------------------------------
