-------------------------------------------------------------------------------
      name:  <unnamed>
       log:  E:\analyses\hydroxychloroquine-research/output/sens3/log\12_an_mod
> els_sa_exposure.log
  log type:  text
 opened on:  19 Jul 2020, 18:50:09

. 
. * Open Stata dataset
. use $Tempdir\analysis_dataset_STSET_$outcome, clear

. 
. /* Sense check outcomes======================================================
> =*/ 
. 
. tab exposure_sa $outcome, missing row

+----------------+
| Key            |
|----------------|
|   frequency    |
| row percentage |
+----------------+

           |   Failure/censoring
           |     indicator for
       HCQ | outcome: primary care
 Exposure, |     positive test
     3 mos |         0          1 |     Total
-----------+----------------------+----------
    No HCQ |   162,580      1,147 |   163,727 
           |     99.30       0.70 |    100.00 
-----------+----------------------+----------
       HCQ |    30,314        185 |    30,499 
           |     99.39       0.61 |    100.00 
-----------+----------------------+----------
     Total |   192,894      1,332 |   194,226 
           |     99.31       0.69 |    100.00 

. 
. /* Main Model================================================================
> =*/
. 
. /* Univariable model */ 
. 
. stcox i.exposure_sa 

         failure _d:  firstpos_primcare
   analysis time _t:  (stime_firstpos_primcare-origin)
             origin:  time enter_date
  enter on or after:  time enter_date
                 id:  patient_id

Iteration 0:   log likelihood =  -16194.15
Iteration 1:   log likelihood = -16192.088
Iteration 2:   log likelihood = -16192.082
Iteration 3:   log likelihood = -16192.082
Refining estimates:
Iteration 0:   log likelihood = -16192.082

Cox regression -- Breslow method for ties

No. of subjects =      194,226                  Number of obs    =     194,226
No. of failures =        1,332
Time at risk    =     24563948
                                                LR chi2(1)       =        4.13
Log likelihood  =   -16192.082                  Prob > chi2      =      0.0420

------------------------------------------------------------------------------
          _t | Haz. Ratio   Std. Err.      z    P>|z|     [95% Conf. Interval]
-------------+----------------------------------------------------------------
 exposure_sa |
        HCQ  |   .8537861   .0676447    -2.00   0.046     .7309861    .9972155
------------------------------------------------------------------------------

. estimates save $Tempdir/univar_sa_exposure, replace 
file E:\analyses\hydroxychloroquine-research/output/sens3/tempdata/univar_sa_ex
> posure.ster saved

. 
. /* Multivariable models */ 
. 
. * Age and Sex 
. * Age fit as spline 
. 
. stcox i.exposure_sa i.male age1 age2 age3 

         failure _d:  firstpos_primcare
   analysis time _t:  (stime_firstpos_primcare-origin)
             origin:  time enter_date
  enter on or after:  time enter_date
                 id:  patient_id

Iteration 0:   log likelihood =  -16194.15
Iteration 1:   log likelihood = -16101.088
Iteration 2:   log likelihood = -16067.447
Iteration 3:   log likelihood = -16066.754
Iteration 4:   log likelihood = -16066.754
Refining estimates:
Iteration 0:   log likelihood = -16066.754

Cox regression -- Breslow method for ties

No. of subjects =      194,226                  Number of obs    =     194,226
No. of failures =        1,332
Time at risk    =     24563948
                                                LR chi2(5)       =      254.79
Log likelihood  =   -16066.754                  Prob > chi2      =      0.0000

------------------------------------------------------------------------------
          _t | Haz. Ratio   Std. Err.      z    P>|z|     [95% Conf. Interval]
-------------+----------------------------------------------------------------
 exposure_sa |
        HCQ  |   .9593525   .0765109    -0.52   0.603     .8205266    1.121667
      1.male |   1.143528   .0674122     2.28   0.023      1.01875     1.28359
        age1 |     1.0076    .007484     1.02   0.308     .9930377    1.022375
        age2 |   1.001323   .0148066     0.09   0.929     .9727191    1.030768
        age3 |    1.13617   .0795967     1.82   0.068     .9903997    1.303394
------------------------------------------------------------------------------

. estimates save $Tempdir/multivar1_sa_exposure, replace 
file E:\analyses\hydroxychloroquine-research/output/sens3/tempdata/multivar1_sa
> _exposure.ster saved

. 
. * DAG adjusted (age, sex, geographic region, other immunosuppressives (will i
> nclude biologics when we have them))  
.         *Note: ethnicity missing for ~20-25%. will model ethnicity in several
>  ways in separate do file
. 
. stcox i.exposure_sa i.male age1 age2 age3 i.dmard_pc i.oral_prednisolone, str
> ata(stp population)                                

         failure _d:  firstpos_primcare
   analysis time _t:  (stime_firstpos_primcare-origin)
             origin:  time enter_date
  enter on or after:  time enter_date
                 id:  patient_id

Iteration 0:   log likelihood = -11467.735
Iteration 1:   log likelihood = -11327.705
Iteration 2:   log likelihood = -11293.234
Iteration 3:   log likelihood = -11292.671
Iteration 4:   log likelihood = -11292.671
Refining estimates:
Iteration 0:   log likelihood = -11292.671

Stratified Cox regr. -- Breslow method for ties

No. of subjects =      194,226                  Number of obs    =     194,226
No. of failures =        1,332
Time at risk    =     24563948
                                                LR chi2(7)       =      350.13
Log likelihood  =   -11292.671                  Prob > chi2      =      0.0000

------------------------------------------------------------------------------
          _t | Haz. Ratio   Std. Err.      z    P>|z|     [95% Conf. Interval]
-------------+----------------------------------------------------------------
 exposure_sa |
        HCQ  |   .9107986   .0740093    -1.15   0.250     .7767044    1.068043
      1.male |   1.152763   .0682513     2.40   0.016     1.026463    1.294604
        age1 |   1.008597   .0075414     1.14   0.252     .9939244    1.023487
        age2 |   .9957064   .0148037    -0.29   0.772     .9671104    1.025148
        age3 |   1.171712   .0827202     2.24   0.025       1.0203    1.345593
  1.dmard_pc |    1.12085   .0653971     1.96   0.051     .9997311    1.256642
1.oral_pr~ne |   1.811782   .1111462     9.69   0.000     1.606527    2.043262
------------------------------------------------------------------------------
                                                  Stratified by stp population

.                                                                              
>    
. estimates save $Tempdir/multivar2_sa_exposure, replace 
file E:\analyses\hydroxychloroquine-research/output/sens3/tempdata/multivar2_sa
> _exposure.ster saved

. 
. * DAG+ other adjustments (NSAIDs, heart disease, lung disease, kidney disease
> , liver disease, BMI, hypertension, cancer, stroke, dementia, and respiratory
>  disease excl asthma (OCS capturing ashtma))
. 
. stcox i.exposure_sa i.male age1 age2 age3 i.dmard_pc i.oral_prednisolone i.ns
> aids i.chronic_cardiac_disease i.resp_excl_asthma i.egfr_cat_nomiss i.chronic
> _liver_disease i.obese4cat i.hypertension i.cancer_ever i.neuro_conditions i.
> flu_vaccine, strata(stp population)      

         failure _d:  firstpos_primcare
   analysis time _t:  (stime_firstpos_primcare-origin)
             origin:  time enter_date
  enter on or after:  time enter_date
                 id:  patient_id

Iteration 0:   log likelihood = -11467.735
Iteration 1:   log likelihood =  -11332.75
Iteration 2:   log likelihood =  -11234.99
Iteration 3:   log likelihood =  -11226.44
Iteration 4:   log likelihood = -11226.108
Iteration 5:   log likelihood = -11226.107
Refining estimates:
Iteration 0:   log likelihood = -11226.107

Stratified Cox regr. -- Breslow method for ties

No. of subjects =      194,226                  Number of obs    =     194,226
No. of failures =        1,332
Time at risk    =     24563948
                                                LR chi2(20)      =      483.26
Log likelihood  =   -11226.107                  Prob > chi2      =      0.0000

------------------------------------------------------------------------------
          _t | Haz. Ratio   Std. Err.      z    P>|z|     [95% Conf. Interval]
-------------+----------------------------------------------------------------
 exposure_sa |
        HCQ  |   .8960834   .0729603    -1.35   0.178     .7639105    1.051125
      1.male |   1.098894   .0660602     1.57   0.117     .9767555    1.236306
        age1 |   1.003846   .0075545     0.51   0.610     .9891485    1.018763
        age2 |   .9865375    .014907    -0.90   0.370     .9577488    1.016192
        age3 |   1.225995   .0880691     2.84   0.005     1.064984     1.41135
  1.dmard_pc |   1.161579   .0686089     2.54   0.011       1.0346    1.304143
1.oral_pr~ne |   1.623197   .1032793     7.61   0.000     1.432886    1.838784
    1.nsaids |   1.016226   .0824631     0.20   0.843     .8667986    1.191413
1.~c_disease |   1.338186   .0906294     4.30   0.000      1.17184    1.528145
1.resp_exc~a |   1.293025   .0916206     3.63   0.000     1.125364    1.485666
             |
egfr_cat_n~s |
      30-59  |    1.10608   .0855652     1.30   0.192     .9504702    1.287166
        <30  |   2.160754    .345016     4.83   0.000     1.580123    2.954745
             |
1.~r_disease |   1.185421   .2502581     0.81   0.420     .7837411    1.792968
             |
   obese4cat |
Obese I ..)  |   1.198844   .0854322     2.54   0.011     1.042567    1.378545
Obese II..)  |   1.258399   .1286863     2.25   0.025     1.029847    1.537673
Obese II..)  |   1.612642   .2067356     3.73   0.000     1.254343    2.073286
             |
1.hyperten~n |   1.104691   .0689671     1.59   0.111     .9774611    1.248482
1.cancer_e~r |   1.272611    .099377     3.09   0.002     1.092009    1.483082
1.neuro_co~s |   1.534995   .1299867     5.06   0.000     1.300246    1.812127
1.flu_vacc~e |   1.071388   .0718668     1.03   0.304      .939398    1.221923
------------------------------------------------------------------------------
                                                  Stratified by stp population

.                                                                              
>    
. estimates save $Tempdir/multivar3_sa_exposure, replace 
file E:\analyses\hydroxychloroquine-research/output/sens3/tempdata/multivar3_sa
> _exposure.ster saved

. 
. 
. 
. 
. /* Print table===============================================================
> =*/ 
. *  Print the results for the main model 
. 
. cap file close tablecontent

. file open tablecontent using $Tabfigdir/table8.txt, write text replace

. 
. * Column headings 
. file write tablecontent ("Table 8: Association between HCQ use and $tableoutc
> ome, 3 month window") _n

. file write tablecontent _tab ("N") _tab ("Univariable") _tab _tab ("Age/Sex A
> djusted") _tab _tab ///
>                                                 ("DAG Adjusted") _tab _tab ("
> Fully Adjusted") _tab _tab  _n

. file write tablecontent _tab _tab ("HR") _tab ("95% CI") _tab ("HR") _tab ///
>                                                 ("95% CI") _tab ("HR") _tab (
> "95% CI") _tab ("HR") _tab ("95% CI") _n

. file write tablecontent ("Main Analysis") _n                                 
>    

. 
. * Row headings 
. local lab0: label exposure_sa 0

. local lab1: label exposure_sa 1

.  
. /* Counts */
.  
. * First row, exposure_sa = 0 (reference)
. 
.         cou if exposure_sa == 0 
  163,727

.         local rowdenom = r(N)

.         cou if exposure_sa == 0 & $outcome == 1
  1,147

.         local pct = 100*(r(N)/`rowdenom') 

.         
.         file write tablecontent ("`lab0'") _tab

.         file write tablecontent (r(N)) (" (") %3.1f (`pct') (")") _tab

.         file write tablecontent ("1.00 (ref)") _tab _tab ("1.00 (ref)") _tab 
> _tab ("1.00 (ref)")  _tab _tab ("1.00 (ref)") _n

.         
. * Second row, exposure_sa = 1 (comparator)
. 
. file write tablecontent ("`lab1'") _tab  

. 
.         cou if exposure_sa == 1 
  30,499

.         local rowdenom = r(N)

.         cou if exposure_sa == 1 & $outcome == 1
  185

.         local pct = 100*(r(N)/`rowdenom') 

.         file write tablecontent (r(N)) (" (") %3.1f (`pct') (")") _tab

. 
. /* Main Model */ 
. estimates use $Tempdir/univar_sa_exposure 

. lincom 1.exposure_sa, eform

 ( 1)  1.exposure_sa = 0

------------------------------------------------------------------------------
          _t |     exp(b)   Std. Err.      z    P>|z|     [95% Conf. Interval]
-------------+----------------------------------------------------------------
         (1) |   .8537861   .0676447    -2.00   0.046     .7309861    .9972155
------------------------------------------------------------------------------

. file write tablecontent %4.2f (r(estimate)) _tab ("(") %4.2f (r(lb)) ("-") %4
> .2f (r(ub)) (")") _tab 

. 
. estimates use $Tempdir/multivar1_sa_exposure 

. lincom 1.exposure_sa, eform

 ( 1)  1.exposure_sa = 0

------------------------------------------------------------------------------
          _t |     exp(b)   Std. Err.      z    P>|z|     [95% Conf. Interval]
-------------+----------------------------------------------------------------
         (1) |   .9593525   .0765109    -0.52   0.603     .8205266    1.121667
------------------------------------------------------------------------------

. file write tablecontent %4.2f (r(estimate)) _tab ("(") %4.2f (r(lb)) ("-") %4
> .2f (r(ub)) (")") _tab 

. 
. estimates use $Tempdir/multivar2_sa_exposure 

. lincom 1.exposure_sa, eform

 ( 1)  1.exposure_sa = 0

------------------------------------------------------------------------------
          _t |     exp(b)   Std. Err.      z    P>|z|     [95% Conf. Interval]
-------------+----------------------------------------------------------------
         (1) |   .9107986   .0740093    -1.15   0.250     .7767044    1.068043
------------------------------------------------------------------------------

. file write tablecontent %4.2f (r(estimate)) _tab ("(") %4.2f (r(lb)) ("-") %4
> .2f (r(ub)) (")") _tab 

. 
. estimates use $Tempdir/multivar3_sa_exposure 

. lincom 1.exposure_sa, eform

 ( 1)  1.exposure_sa = 0

------------------------------------------------------------------------------
          _t |     exp(b)   Std. Err.      z    P>|z|     [95% Conf. Interval]
-------------+----------------------------------------------------------------
         (1) |   .8960834   .0729603    -1.35   0.178     .7639105    1.051125
------------------------------------------------------------------------------

. file write tablecontent %4.2f (r(estimate)) _tab ("(") %4.2f (r(lb)) ("-") %4
> .2f (r(ub)) (")") _n 

. 
. file write tablecontent _n

. file close tablecontent

. 
. * Close log file 
. log close
      name:  <unnamed>
       log:  E:\analyses\hydroxychloroquine-research/output/sens3/log\12_an_mod
> els_sa_exposure.log
  log type:  text
 closed on:  19 Jul 2020, 18:50:33
-------------------------------------------------------------------------------
